<?xml version="1.0" encoding="UTF-8"?>
<!-- Generated by org.testng.reporters.JUnitReportReporter -->
<testsuite skipped="0" hostname="DESKTOP-B2426KB" name="com.crm.qa.tests.HomePageTest" tests="3" failures="0" timestamp="21 Jun 2020 09:26:49 GMT" time="67.061" errors="0">
  <testcase name="verifyHomePageTitle" time="18.981" classname="com.crm.qa.tests.HomePageTest"/>
  <testcase name="verifyUserNameTest" time="23.878" classname="com.crm.qa.tests.HomePageTest"/>
  <testcase name="verifyContactsLink" time="24.202" classname="com.crm.qa.tests.HomePageTest"/>
</testsuite> <!-- com.crm.qa.tests.HomePageTest -->
