<?xml version="1.0" encoding="UTF-8"?>
<!-- Generated by org.testng.reporters.JUnitReportReporter -->
<testsuite skipped="0" hostname="DESKTOP-B2426KB" name="com.crm.qa.tests.LoginPageTest" tests="3" failures="0" timestamp="21 Jun 2020 09:26:49 GMT" time="46.577" errors="0">
  <testcase name="loginPageTitleTest" time="14.243" classname="com.crm.qa.tests.LoginPageTest"/>
  <testcase name="crmLogoImageTest" time="12.964" classname="com.crm.qa.tests.LoginPageTest"/>
  <testcase name="loginTest" time="19.370" classname="com.crm.qa.tests.LoginPageTest"/>
</testsuite> <!-- com.crm.qa.tests.LoginPageTest -->
