<?xml version="1.0" encoding="UTF-8"?>
<!-- Generated by org.testng.reporters.JUnitReportReporter -->
<testsuite skipped="0" hostname="DESKTOP-B2426KB" name="com.crm.qa.tests.ContactPageTest" tests="2" failures="0" timestamp="21 Jun 2020 11:15:22 GMT" time="51.507" errors="0">
  <testcase name="verifyContactlable" time="23.496" classname="com.crm.qa.tests.ContactPageTest"/>
  <testcase name="selectContactText" time="28.011" classname="com.crm.qa.tests.ContactPageTest"/>
</testsuite> <!-- com.crm.qa.tests.ContactPageTest -->
